22:06:49 **** Incremental Build of configuration Debug for project RCC ****
make all 
Building file: ../src/RCC_program.c
Invoking: Cross ARM GNU C Compiler
arm-none-eabi-gcc -mcpu=cortex-m3 -mthumb -Og -fmessage-length=0 -fsigned-char -ffunction-sections -fdata-sections -ffreestanding -fno-move-loop-invariants -Wall -Wextra  -g3 -DDEBUG -DUSE_FULL_ASSERT -DTRACE -DOS_USE_TRACE_SEMIHOSTING_DEBUG -DSTM32F10X_MD -DUSE_STDPERIPH_DRIVER -DHSE_VALUE=8000000 -I"../include" -I"../system/include" -I"../system/include/cmsis" -I"../system/include/stm32f1-stdperiph" -std=gnu11 -MMD -MP -MF"src/RCC_program.d" -MT"src/RCC_program.o" -c -o "src/RCC_program.o" "../src/RCC_program.c"
../src/RCC_program.c:6:10: fatal error: STD_TYPES.h: No such file or directory
 #include "STD_TYPES.h"
          ^~~~~~~~~~~~~
compilation terminated.
make: *** [src/subdir.mk:26: src/RCC_program.o] Error 1
22:08:27 **** Incremental Build of configuration Debug for project RCC ****
make all 
Building file: ../src/RCC_program.c
Invoking: Cross ARM GNU C Compiler
arm-none-eabi-gcc -mcpu=cortex-m3 -mthumb -Og -fmessage-length=0 -fsigned-char -ffunction-sections -fdata-sections -ffreestanding -fno-move-loop-invariants -Wall -Wextra  -g3 -DDEBUG -DUSE_FULL_ASSERT -DTRACE -DOS_USE_TRACE_SEMIHOSTING_DEBUG -DSTM32F10X_MD -DUSE_STDPERIPH_DRIVER -DHSE_VALUE=8000000 -I"../include" -I"../system/include" -I"../system/include/cmsis" -I"../system/include/stm32f1-stdperiph" -std=gnu11 -MMD -MP -MF"src/RCC_program.d" -MT"src/RCC_program.o" -c -o "src/RCC_program.o" "../src/RCC_program.c"
../src/RCC_program.c:6:10: fatal error: STD_TYPES.h: No such file or directory
 #include "STD_TYPES.h"
          ^~~~~~~~~~~~~
compilation terminated.
make: *** [src/subdir.mk:26: src/RCC_program.o] Error 1
22:08:28 **** Build of configuration Debug for project system ****
make all 
Building file: ../system/src/stm32f4-hal/stm32f4xx_hal.c
Invoking: Cross ARM GNU C Compiler
arm-none-eabi-gcc -mcpu=cortex-m4 -mthumb -mfloat-abi=soft -Og -fmessage-length=0 -fsigned-char -ffunction-sections -fdata-sections -ffreestanding -fno-move-loop-invariants -Wall -Wextra  -g3 -DDEBUG -DUSE_FULL_ASSERT -DTRACE -DOS_USE_TRACE_SEMIHOSTING_DEBUG -DSTM32F401xC -DUSE_HAL_DRIVER -DHSE_VALUE=25000000 -I"../include" -I"../system/include" -I"../system/include/cmsis" -I"../system/include/stm32f4-hal" -std=gnu11 -Wno-bad-function-cast -Wno-conversion -Wno-sign-conversion -Wno-unused-parameter -Wno-sign-compare -Wno-missing-prototypes -Wno-missing-declarations -MMD -MP -MF"system/src/stm32f4-hal/stm32f4xx_hal.d" -MT"system/src/stm32f4-hal/stm32f4xx_hal.o" -c -o "system/src/stm32f4-hal/stm32f4xx_hal.o" "../system/src/stm32f4-hal/stm32f4xx_hal.c"
Finished building: ../system/src/stm32f4-hal/stm32f4xx_hal.c
 
Building file: ../system/src/stm32f4-hal/stm32f4xx_hal_cortex.c
Invoking: Cross ARM GNU C Compiler
arm-none-eabi-gcc -mcpu=cortex-m4 -mthumb -mfloat-abi=soft -Og -fmessage-length=0 -fsigned-char -ffunction-sections -fdata-sections -ffreestanding -fno-move-loop-invariants -Wall -Wextra  -g3 -DDEBUG -DUSE_FULL_ASSERT -DTRACE -DOS_USE_TRACE_SEMIHOSTING_DEBUG -DSTM32F401xC -DUSE_HAL_DRIVER -DHSE_VALUE=25000000 -I"../include" -I"../system/include" -I"../system/include/cmsis" -I"../system/include/stm32f4-hal" -std=gnu11 -Wno-bad-function-cast -Wno-conversion -Wno-sign-conversion -Wno-unused-parameter -Wno-sign-compare -Wno-missing-prototypes -Wno-missing-declarations -MMD -MP -MF"system/src/stm32f4-hal/stm32f4xx_hal_cortex.d" -MT"system/src/stm32f4-hal/stm32f4xx_hal_cortex.o" -c -o "system/src/stm32f4-hal/stm32f4xx_hal_cortex.o" "../system/src/stm32f4-hal/stm32f4xx_hal_cortex.c"
Finished building: ../system/src/stm32f4-hal/stm32f4xx_hal_cortex.c
 
Building file: ../system/src/stm32f4-hal/stm32f4xx_hal_dfsdm.c
Invoking: Cross ARM GNU C Compiler
arm-none-eabi-gcc -mcpu=cortex-m4 -mthumb -mfloat-abi=soft -Og -fmessage-length=0 -fsigned-char -ffunction-sections -fdata-sections -ffreestanding -fno-move-loop-invariants -Wall -Wextra  -g3 -DDEBUG -DUSE_FULL_ASSERT -DTRACE -DOS_USE_TRACE_SEMIHOSTING_DEBUG -DSTM32F401xC -DUSE_HAL_DRIVER -DHSE_VALUE=25000000 -I"../include" -I"../system/include" -I"../system/include/cmsis" -I"../system/include/stm32f4-hal" -std=gnu11 -Wno-bad-function-cast -Wno-conversion -Wno-sign-conversion -Wno-unused-parameter -Wno-sign-compare -Wno-missing-prototypes -Wno-missing-declarations -MMD -MP -MF"system/src/stm32f4-hal/stm32f4xx_hal_dfsdm.d" -MT"system/src/stm32f4-hal/stm32f4xx_hal_dfsdm.o" -c -o "system/src/stm32f4-hal/stm32f4xx_hal_dfsdm.o" "../system/src/stm32f4-hal/stm32f4xx_hal_dfsdm.c"
Finished building: ../system/src/stm32f4-hal/stm32f4xx_hal_dfsdm.c
 
Building file: ../system/src/stm32f4-hal/stm32f4xx_hal_flash.c
Invoking: Cross ARM GNU C Compiler
arm-none-eabi-gcc -mcpu=cortex-m4 -mthumb -mfloat-abi=soft -Og -fmessage-length=0 -fsigned-char -ffunction-sections -fdata-sections -ffreestanding -fno-move-loop-invariants -Wall -Wextra  -g3 -DDEBUG -DUSE_FULL_ASSERT -DTRACE -DOS_USE_TRACE_SEMIHOSTING_DEBUG -DSTM32F401xC -DUSE_HAL_DRIVER -DHSE_VALUE=25000000 -I"../include" -I"../system/include" -I"../system/include/cmsis" -I"../system/include/stm32f4-hal" -std=gnu11 -Wno-bad-function-cast -Wno-conversion -Wno-sign-conversion -Wno-unused-parameter -Wno-sign-compare -Wno-missing-prototypes -Wno-missing-declarations -MMD -MP -MF"system/src/stm32f4-hal/stm32f4xx_hal_flash.d" -MT"system/src/stm32f4-hal/stm32f4xx_hal_flash.o" -c -o "system/src/stm32f4-hal/stm32f4xx_hal_flash.o" "../system/src/stm32f4-hal/stm32f4xx_hal_flash.c"
Finished building: ../system/src/stm32f4-hal/stm32f4xx_hal_flash.c
 
Building file: ../system/src/stm32f4-hal/stm32f4xx_hal_gpio.c
Invoking: Cross ARM GNU C Compiler
arm-none-eabi-gcc -mcpu=cortex-m4 -mthumb -mfloat-abi=soft -Og -fmessage-length=0 -fsigned-char -ffunction-sections -fdata-sections -ffreestanding -fno-move-loop-invariants -Wall -Wextra  -g3 -DDEBUG -DUSE_FULL_ASSERT -DTRACE -DOS_USE_TRACE_SEMIHOSTING_DEBUG -DSTM32F401xC -DUSE_HAL_DRIVER -DHSE_VALUE=25000000 -I"../include" -I"../system/include" -I"../system/include/cmsis" -I"../system/include/stm32f4-hal" -std=gnu11 -Wno-bad-function-cast -Wno-conversion -Wno-sign-conversion -Wno-unused-parameter -Wno-sign-compare -Wno-missing-prototypes -Wno-missing-declarations -MMD -MP -MF"system/src/stm32f4-hal/stm32f4xx_hal_gpio.d" -MT"system/src/stm32f4-hal/stm32f4xx_hal_gpio.o" -c -o "system/src/stm32f4-hal/stm32f4xx_hal_gpio.o" "../system/src/stm32f4-hal/stm32f4xx_hal_gpio.c"
Finished building: ../system/src/stm32f4-hal/stm32f4xx_hal_gpio.c
 
Building file: ../system/src/stm32f4-hal/stm32f4xx_hal_iwdg.c
Invoking: Cross ARM GNU C Compiler
arm-none-eabi-gcc -mcpu=cortex-m4 -mthumb -mfloat-abi=soft -Og -fmessage-length=0 -fsigned-char -ffunction-sections -fdata-sections -ffreestanding -fno-move-loop-invariants -Wall -Wextra  -g3 -DDEBUG -DUSE_FULL_ASSERT -DTRACE -DOS_USE_TRACE_SEMIHOSTING_DEBUG -DSTM32F401xC -DUSE_HAL_DRIVER -DHSE_VALUE=25000000 -I"../include" -I"../system/include" -I"../system/include/cmsis" -I"../system/include/stm32f4-hal" -std=gnu11 -Wno-bad-function-cast -Wno-conversion -Wno-sign-conversion -Wno-unused-parameter -Wno-sign-compare -Wno-missing-prototypes -Wno-missing-declarations -MMD -MP -MF"system/src/stm32f4-hal/stm32f4xx_hal_iwdg.d" -MT"system/src/stm32f4-hal/stm32f4xx_hal_iwdg.o" -c -o "system/src/stm32f4-hal/stm32f4xx_hal_iwdg.o" "../system/src/stm32f4-hal/stm32f4xx_hal_iwdg.c"
Finished building: ../system/src/stm32f4-hal/stm32f4xx_hal_iwdg.c
 
Building file: ../system/src/stm32f4-hal/stm32f4xx_hal_pwr.c
Invoking: Cross ARM GNU C Compiler
arm-none-eabi-gcc -mcpu=cortex-m4 -mthumb -mfloat-abi=soft -Og -fmessage-length=0 -fsigned-char -ffunction-sections -fdata-sections -ffreestanding -fno-move-loop-invariants -Wall -Wextra  -g3 -DDEBUG -DUSE_FULL_ASSERT -DTRACE -DOS_USE_TRACE_SEMIHOSTING_DEBUG -DSTM32F401xC -DUSE_HAL_DRIVER -DHSE_VALUE=25000000 -I"../include" -I"../system/include" -I"../system/include/cmsis" -I"../system/include/stm32f4-hal" -std=gnu11 -Wno-bad-function-cast -Wno-conversion -Wno-sign-conversion -Wno-unused-parameter -Wno-sign-compare -Wno-missing-prototypes -Wno-missing-declarations -MMD -MP -MF"system/src/stm32f4-hal/stm32f4xx_hal_pwr.d" -MT"system/src/stm32f4-hal/stm32f4xx_hal_pwr.o" -c -o "system/src/stm32f4-hal/stm32f4xx_hal_pwr.o" "../system/src/stm32f4-hal/stm32f4xx_hal_pwr.c"
Finished building: ../system/src/stm32f4-hal/stm32f4xx_hal_pwr.c
 
Building file: ../system/src/stm32f4-hal/stm32f4xx_hal_rcc.c
Invoking: Cross ARM GNU C Compiler
arm-none-eabi-gcc -mcpu=cortex-m4 -mthumb -mfloat-abi=soft -Og -fmessage-length=0 -fsigned-char -ffunction-sections -fdata-sections -ffreestanding -fno-move-loop-invariants -Wall -Wextra  -g3 -DDEBUG -DUSE_FULL_ASSERT -DTRACE -DOS_USE_TRACE_SEMIHOSTING_DEBUG -DSTM32F401xC -DUSE_HAL_DRIVER -DHSE_VALUE=25000000 -I"../include" -I"../system/include" -I"../system/include/cmsis" -I"../system/include/stm32f4-hal" -std=gnu11 -Wno-bad-function-cast -Wno-conversion -Wno-sign-conversion -Wno-unused-parameter -Wno-sign-compare -Wno-missing-prototypes -Wno-missing-declarations -MMD -MP -MF"system/src/stm32f4-hal/stm32f4xx_hal_rcc.d" -MT"system/src/stm32f4-hal/stm32f4xx_hal_rcc.o" -c -o "system/src/stm32f4-hal/stm32f4xx_hal_rcc.o" "../system/src/stm32f4-hal/stm32f4xx_hal_rcc.c"
Finished building: ../system/src/stm32f4-hal/stm32f4xx_hal_rcc.c
 
Building file: ../system/src/newlib/_cxx.cpp
Invoking: Cross ARM GNU C++ Compiler
arm-none-eabi-g++ -mcpu=cortex-m4 -mthumb -mfloat-abi=soft -Og -fmessage-length=0 -fsigned-char -ffunction-sections -fdata-sections -ffreestanding -fno-move-loop-invariants -Wall -Wextra  -g3 -DDEBUG -DUSE_FULL_ASSERT -DTRACE -DOS_USE_TRACE_SEMIHOSTING_DEBUG -DSTM32F401xC -DUSE_HAL_DRIVER -DHSE_VALUE=25000000 -I"../include" -I"../system/include" -I"../system/include/cmsis" -I"../system/include/stm32f4-hal" -std=gnu++11 -fabi-version=0 -fno-exceptions -fno-rtti -fno-use-cxa-atexit -fno-threadsafe-statics -MMD -MP -MF"system/src/newlib/_cxx.d" -MT"system/src/newlib/_cxx.o" -c -o "system/src/newlib/_cxx.o" "../system/src/newlib/_cxx.cpp"
Finished building: ../system/src/newlib/_cxx.cpp
 
Building file: ../system/src/newlib/_exit.c
Invoking: Cross ARM GNU C Compiler
arm-none-eabi-gcc -mcpu=cortex-m4 -mthumb -mfloat-abi=soft -Og -fmessage-length=0 -fsigned-char -ffunction-sections -fdata-sections -ffreestanding -fno-move-loop-invariants -Wall -Wextra  -g3 -DDEBUG -DUSE_FULL_ASSERT -DTRACE -DOS_USE_TRACE_SEMIHOSTING_DEBUG -DSTM32F401xC -DUSE_HAL_DRIVER -DHSE_VALUE=25000000 -I"../include" -I"../system/include" -I"../system/include/cmsis" -I"../system/include/stm32f4-hal" -std=gnu11 -MMD -MP -MF"system/src/newlib/_exit.d" -MT"system/src/newlib/_exit.o" -c -o "system/src/newlib/_exit.o" "../system/src/newlib/_exit.c"
Finished building: ../system/src/newlib/_exit.c
 
Building file: ../system/src/newlib/_sbrk.c
Invoking: Cross ARM GNU C Compiler
arm-none-eabi-gcc -mcpu=cortex-m4 -mthumb -mfloat-abi=soft -Og -fmessage-length=0 -fsigned-char -ffunction-sections -fdata-sections -ffreestanding -fno-move-loop-invariants -Wall -Wextra  -g3 -DDEBUG -DUSE_FULL_ASSERT -DTRACE -DOS_USE_TRACE_SEMIHOSTING_DEBUG -DSTM32F401xC -DUSE_HAL_DRIVER -DHSE_VALUE=25000000 -I"../include" -I"../system/include" -I"../system/include/cmsis" -I"../system/include/stm32f4-hal" -std=gnu11 -MMD -MP -MF"system/src/newlib/_sbrk.d" -MT"system/src/newlib/_sbrk.o" -c -o "system/src/newlib/_sbrk.o" "../system/src/newlib/_sbrk.c"
Finished building: ../system/src/newlib/_sbrk.c
 
Building file: ../system/src/newlib/_startup.c
Invoking: Cross ARM GNU C Compiler
arm-none-eabi-gcc -mcpu=cortex-m4 -mthumb -mfloat-abi=soft -Og -fmessage-length=0 -fsigned-char -ffunction-sections -fdata-sections -ffreestanding -fno-move-loop-invariants -Wall -Wextra  -g3 -DDEBUG -DUSE_FULL_ASSERT -DTRACE -DOS_USE_TRACE_SEMIHOSTING_DEBUG -DSTM32F401xC -DUSE_HAL_DRIVER -DHSE_VALUE=25000000 -DOS_INCLUDE_STARTUP_INIT_MULTIPLE_RAM_SECTIONS -I"../include" -I"../system/include" -I"../system/include/cmsis" -I"../system/include/stm32f4-hal" -std=gnu11 -MMD -MP -MF"system/src/newlib/_startup.d" -MT"system/src/newlib/_startup.d" -c -o "system/src/newlib/_startup.o" "../system/src/newlib/_startup.c"
Finished building: ../system/src/newlib/_startup.c
 
Building file: ../system/src/newlib/_syscalls.c
Invoking: Cross ARM GNU C Compiler
arm-none-eabi-gcc -mcpu=cortex-m4 -mthumb -mfloat-abi=soft -Og -fmessage-length=0 -fsigned-char -ffunction-sections -fdata-sections -ffreestanding -fno-move-loop-invariants -Wall -Wextra  -g3 -DDEBUG -DUSE_FULL_ASSERT -DTRACE -DOS_USE_TRACE_SEMIHOSTING_DEBUG -DSTM32F401xC -DUSE_HAL_DRIVER -DHSE_VALUE=25000000 -I"../include" -I"../system/include" -I"../system/include/cmsis" -I"../system/include/stm32f4-hal" -std=gnu11 -MMD -MP -MF"system/src/newlib/_syscalls.d" -MT"system/src/newlib/_syscalls.o" -c -o "system/src/newlib/_syscalls.o" "../system/src/newlib/_syscalls.c"
Finished building: ../system/src/newlib/_syscalls.c
 
Building file: ../system/src/newlib/assert.c
Invoking: Cross ARM GNU C Compiler
arm-none-eabi-gcc -mcpu=cortex-m4 -mthumb -mfloat-abi=soft -Og -fmessage-length=0 -fsigned-char -ffunction-sections -fdata-sections -ffreestanding -fno-move-loop-invariants -Wall -Wextra  -g3 -DDEBUG -DUSE_FULL_ASSERT -DTRACE -DOS_USE_TRACE_SEMIHOSTING_DEBUG -DSTM32F401xC -DUSE_HAL_DRIVER -DHSE_VALUE=25000000 -I"../include" -I"../system/include" -I"../system/include/cmsis" -I"../system/include/stm32f4-hal" -std=gnu11 -MMD -MP -MF"system/src/newlib/assert.d" -MT"system/src/newlib/assert.o" -c -o "system/src/newlib/assert.o" "../system/src/newlib/assert.c"
Command canceled
22:08:41 **** Incremental Build of configuration Debug for project RCC ****
make all 
Building file: ../src/RCC_program.c
Invoking: Cross ARM GNU C Compiler
arm-none-eabi-gcc -mcpu=cortex-m3 -mthumb -Og -fmessage-length=0 -fsigned-char -ffunction-sections -fdata-sections -ffreestanding -fno-move-loop-invariants -Wall -Wextra  -g3 -DDEBUG -DUSE_FULL_ASSERT -DTRACE -DOS_USE_TRACE_SEMIHOSTING_DEBUG -DSTM32F10X_MD -DUSE_STDPERIPH_DRIVER -DHSE_VALUE=8000000 -I"../include" -I"../system/include" -I"../system/include/cmsis" -I"../system/include/stm32f1-stdperiph" -std=gnu11 -MMD -MP -MF"src/RCC_program.d" -MT"src/RCC_program.o" -c -o "src/RCC_program.o" "../src/RCC_program.c"
../src/RCC_program.c:6:10: fatal error: LIB/STD_TYPES.h: No such file or directory
 #include <LIB/STD_TYPES.h>
          ^~~~~~~~~~~~~~~~~
compilation terminated.
make: *** [src/subdir.mk:26: src/RCC_program.o] Error 1
22:08:42 **** Build of configuration Debug for project system ****
make all 
Building file: ../system/src/diag/Trace.c
Invoking: Cross ARM GNU C Compiler
arm-none-eabi-gcc -mcpu=cortex-m4 -mthumb -mfloat-abi=soft -Og -fmessage-length=0 -fsigned-char -ffunction-sections -fdata-sections -ffreestanding -fno-move-loop-invariants -Wall -Wextra  -g3 -DDEBUG -DUSE_FULL_ASSERT -DTRACE -DOS_USE_TRACE_SEMIHOSTING_DEBUG -DSTM32F401xC -DUSE_HAL_DRIVER -DHSE_VALUE=25000000 -I"../include" -I"../system/include" -I"../system/include/cmsis" -I"../system/include/stm32f4-hal" -std=gnu11 -MMD -MP -MF"system/src/diag/Trace.d" -MT"system/src/diag/Trace.o" -c -o "system/src/diag/Trace.o" "../system/src/diag/Trace.c"
Finished building: ../system/src/diag/Trace.c
 
Building file: ../system/src/diag/trace_impl.c
Invoking: Cross ARM GNU C Compiler
arm-none-eabi-gcc -mcpu=cortex-m4 -mthumb -mfloat-abi=soft -Og -fmessage-length=0 -fsigned-char -ffunction-sections -fdata-sections -ffreestanding -fno-move-loop-invariants -Wall -Wextra  -g3 -DDEBUG -DUSE_FULL_ASSERT -DTRACE -DOS_USE_TRACE_SEMIHOSTING_DEBUG -DSTM32F401xC -DUSE_HAL_DRIVER -DHSE_VALUE=25000000 -I"../include" -I"../system/include" -I"../system/include/cmsis" -I"../system/include/stm32f4-hal" -std=gnu11 -MMD -MP -MF"system/src/diag/trace_impl.d" -MT"system/src/diag/trace_impl.o" -c -o "system/src/diag/trace_impl.o" "../system/src/diag/trace_impl.c"
Finished building: ../system/src/diag/trace_impl.c
 
Building file: ../system/src/cortexm/_initialize_hardware.c
Invoking: Cross ARM GNU C Compiler
arm-none-eabi-gcc -mcpu=cortex-m4 -mthumb -mfloat-abi=soft -Og -fmessage-length=0 -fsigned-char -ffunction-sections -fdata-sections -ffreestanding -fno-move-loop-invariants -Wall -Wextra  -g3 -DDEBUG -DUSE_FULL_ASSERT -DTRACE -DOS_USE_TRACE_SEMIHOSTING_DEBUG -DSTM32F401xC -DUSE_HAL_DRIVER -DHSE_VALUE=25000000 -I"../include" -I"../system/include" -I"../system/include/cmsis" -I"../system/include/stm32f4-hal" -std=gnu11 -MMD -MP -MF"system/src/cortexm/_initialize_hardware.d" -MT"system/src/cortexm/_initialize_hardware.o" -c -o "system/src/cortexm/_initialize_hardware.o" "../system/src/cortexm/_initialize_hardware.c"
Finished building: ../system/src/cortexm/_initialize_hardware.c
 
Building file: ../system/src/cortexm/_reset_hardware.c
Invoking: Cross ARM GNU C Compiler
arm-none-eabi-gcc -mcpu=cortex-m4 -mthumb -mfloat-abi=soft -Og -fmessage-length=0 -fsigned-char -ffunction-sections -fdata-sections -ffreestanding -fno-move-loop-invariants -Wall -Wextra  -g3 -DDEBUG -DUSE_FULL_ASSERT -DTRACE -DOS_USE_TRACE_SEMIHOSTING_DEBUG -DSTM32F401xC -DUSE_HAL_DRIVER -DHSE_VALUE=25000000 -I"../include" -I"../system/include" -I"../system/include/cmsis" -I"../system/include/stm32f4-hal" -std=gnu11 -MMD -MP -MF"system/src/cortexm/_reset_hardware.d" -MT"system/src/cortexm/_reset_hardware.o" -c -o "system/src/cortexm/_reset_hardware.o" "../system/src/cortexm/_reset_hardware.c"
Finished building: ../system/src/cortexm/_reset_hardware.c
 
Building file: ../system/src/cortexm/exception_handlers.c
Invoking: Cross ARM GNU C Compiler
arm-none-eabi-gcc -mcpu=cortex-m4 -mthumb -mfloat-abi=soft -Og -fmessage-length=0 -fsigned-char -ffunction-sections -fdata-sections -ffreestanding -fno-move-loop-invariants -Wall -Wextra  -g3 -DDEBUG -DUSE_FULL_ASSERT -DTRACE -DOS_USE_TRACE_SEMIHOSTING_DEBUG -DSTM32F401xC -DUSE_HAL_DRIVER -DHSE_VALUE=25000000 -I"../include" -I"../system/include" -I"../system/include/cmsis" -I"../system/include/stm32f4-hal" -std=gnu11 -MMD -MP -MF"system/src/cortexm/exception_handlers.d" -MT"system/src/cortexm/exception_handlers.o" -c -o "system/src/cortexm/exception_handlers.o" "../system/src/cortexm/exception_handlers.c"
Finished building: ../system/src/cortexm/exception_handlers.c
 
Building file: ../system/src/cmsis/system_stm32f4xx.c
Invoking: Cross ARM GNU C Compiler
arm-none-eabi-gcc -mcpu=cortex-m4 -mthumb -mfloat-abi=soft -Og -fmessage-length=0 -fsigned-char -ffunction-sections -fdata-sections -ffreestanding -fno-move-loop-invariants -Wall -Wextra  -g3 -DDEBUG -DUSE_FULL_ASSERT -DTRACE -DOS_USE_TRACE_SEMIHOSTING_DEBUG -DSTM32F401xC -DUSE_HAL_DRIVER -DHSE_VALUE=25000000 -I"../include" -I"../system/include" -I"../system/include/cmsis" -I"../system/include/stm32f4-hal" -std=gnu11 -MMD -MP -MF"system/src/cmsis/system_stm32f4xx.d" -MT"system/src/cmsis/system_stm32f4xx.o" -c -o "system/src/cmsis/system_stm32f4xx.o" "../system/src/cmsis/system_stm32f4xx.c"
Finished building: ../system/src/cmsis/system_stm32f4xx.c
 
Building file: ../system/src/cmsis/vectors_stm32f401xc.c
Invoking: Cross ARM GNU C Compiler
arm-none-eabi-gcc -mcpu=cortex-m4 -mthumb -mfloat-abi=soft -Og -fmessage-length=0 -fsigned-char -ffunction-sections -fdata-sections -ffreestanding -fno-move-loop-invariants -Wall -Wextra  -g3 -DDEBUG -DUSE_FULL_ASSERT -DTRACE -DOS_USE_TRACE_SEMIHOSTING_DEBUG -DSTM32F401xC -DUSE_HAL_DRIVER -DHSE_VALUE=25000000 -I"../include" -I"../system/include" -I"../system/include/cmsis" -I"../system/include/stm32f4-hal" -std=gnu11 -MMD -MP -MF"system/src/cmsis/vectors_stm32f401xc.d" -MT"system/src/cmsis/vectors_stm32f401xc.o" -c -o "system/src/cmsis/vectors_stm32f401xc.o" "../system/src/cmsis/vectors_stm32f401xc.c"
Finished building: ../system/src/cmsis/vectors_stm32f401xc.c
 
Building file: ../src/_initialize_hardware.c
Invoking: Cross ARM GNU C Compiler
arm-none-eabi-gcc -mcpu=cortex-m4 -mthumb -mfloat-abi=soft -Og -fmessage-length=0 -fsigned-char -ffunction-sections -fdata-sections -ffreestanding -fno-move-loop-invariants -Wall -Wextra  -g3 -DDEBUG -DUSE_FULL_ASSERT -DTRACE -DOS_USE_TRACE_SEMIHOSTING_DEBUG -DSTM32F401xC -DUSE_HAL_DRIVER -DHSE_VALUE=25000000 -I"../include" -I"../system/include" -I"../system/include/cmsis" -I"../system/include/stm32f4-hal" -std=gnu11 -MMD -MP -MF"src/_initialize_hardware.d" -MT"src/_initialize_hardware.o" -c -o "src/_initialize_hardware.o" "../src/_initialize_hardware.c"
../src/_initialize_hardware.c: In function 'SystemClock_Config':
../src/_initialize_hardware.c:126:2: warning: #warning "Please check if the SystemClock_Config() settings match your board!" [-Wcpp]
 #warning "Please check if the SystemClock_Config() settings match your board!"
  ^~~~~~~
Finished building: ../src/_initialize_hardware.c
 
Building file: ../src/_write.c
Invoking: Cross ARM GNU C Compiler
arm-none-eabi-gcc -mcpu=cortex-m4 -mthumb -mfloat-abi=soft -Og -fmessage-length=0 -fsigned-char -ffunction-sections -fdata-sections -ffreestanding -fno-move-loop-invariants -Wall -Wextra  -g3 -DDEBUG -DUSE_FULL_ASSERT -DTRACE -DOS_USE_TRACE_SEMIHOSTING_DEBUG -DSTM32F401xC -DUSE_HAL_DRIVER -DHSE_VALUE=25000000 -I"../include" -I"../system/include" -I"../system/include/cmsis" -I"../system/include/stm32f4-hal" -std=gnu11 -MMD -MP -MF"src/_write.d" -MT"src/_write.o" -c -o "src/_write.o" "../src/_write.c"
Finished building: ../src/_write.c
 
Building file: ../src/main.c
Invoking: Cross ARM GNU C Compiler
arm-none-eabi-gcc -mcpu=cortex-m4 -mthumb -mfloat-abi=soft -Og -fmessage-length=0 -fsigned-char -ffunction-sections -fdata-sections -ffreestanding -fno-move-loop-invariants -Wall -Wextra  -g3 -DDEBUG -DUSE_FULL_ASSERT -DTRACE -DOS_USE_TRACE_SEMIHOSTING_DEBUG -DSTM32F401xC -DUSE_HAL_DRIVER -DHSE_VALUE=25000000 -I"../include" -I"../system/include" -I"../system/include/cmsis" -I"../system/include/stm32f4-hal" -std=gnu11 -MMD -MP -MF"src/main.d" -MT"src/main.o" -c -o "src/main.o" "../src/main.c"
Finished building: ../src/main.c
 
Building file: ../src/stm32f4xx_hal_msp.c
Invoking: Cross ARM GNU C Compiler
arm-none-eabi-gcc -mcpu=cortex-m4 -mthumb -mfloat-abi=soft -Og -fmessage-length=0 -fsigned-char -ffunction-sections -fdata-sections -ffreestanding -fno-move-loop-invariants -Wall -Wextra  -g3 -DDEBUG -DUSE_FULL_ASSERT -DTRACE -DOS_USE_TRACE_SEMIHOSTING_DEBUG -DSTM32F401xC -DUSE_HAL_DRIVER -DHSE_VALUE=25000000 -I"../include" -I"../system/include" -I"../system/include/cmsis" -I"../system/include/stm32f4-hal" -std=gnu11 -Wno-missing-prototypes -Wno-missing-declarations -MMD -MP -MF"src/stm32f4xx_hal_msp.d" -MT"src/stm32f4xx_hal_msp.d" -c -o "src/stm32f4xx_hal_msp.o" "../src/stm32f4xx_hal_msp.c"
Finished building: ../src/stm32f4xx_hal_msp.c
 
Building target: system.elf
Invoking: Cross ARM GNU C++ Linker
arm-none-eabi-g++ -mcpu=cortex-m4 -mthumb -mfloat-abi=soft -Og -fmessage-length=0 -fsigned-char -ffunction-sections -fdata-sections -ffreestanding -fno-move-loop-invariants -Wall -Wextra  -g3 -T mem.ld -T libs.ld -T sections.ld -nostartfiles -Xlinker --gc-sections -L"../ldscripts" -Wl,-Map,"system.map" --specs=nano.specs -o "system.elf"  ./system/src/stm32f4-hal/stm32f4xx_hal.o ./system/src/stm32f4-hal/stm32f4xx_hal_cortex.o ./system/src/stm32f4-hal/stm32f4xx_hal_dfsdm.o ./system/src/stm32f4-hal/stm32f4xx_hal_flash.o ./system/src/stm32f4-hal/stm32f4xx_hal_gpio.o ./system/src/stm32f4-hal/stm32f4xx_hal_iwdg.o ./system/src/stm32f4-hal/stm32f4xx_hal_pwr.o ./system/src/stm32f4-hal/stm32f4xx_hal_rcc.o  ./system/src/newlib/_cxx.o ./system/src/newlib/_exit.o ./system/src/newlib/_sbrk.o ./system/src/newlib/_startup.o ./system/src/newlib/_syscalls.o ./system/src/newlib/assert.o  ./system/src/diag/Trace.o ./system/src/diag/trace_impl.o  ./system/src/cortexm/_initialize_hardware.o ./system/src/cortexm/_reset_hardware.o ./system/src/cortexm/exception_handlers.o  ./system/src/cmsis/system_stm32f4xx.o ./system/src/cmsis/vectors_stm32f401xc.o  ./src/_initialize_hardware.o ./src/_write.o ./src/main.o ./src/stm32f4xx_hal_msp.o   
Finished building target: system.elf
 
Invoking: Cross ARM GNU Create Flash Image
arm-none-eabi-objcopy -O ihex "system.elf"  "system.hex"
Finished building: system.hex
 
Invoking: Cross ARM GNU Print Size
arm-none-eabi-size --format=berkeley "system.elf"
   text	   data	    bss	    dec	    hex	filename
   7147	    160	    416	   7723	   1e2b	system.elf
Finished building: system.siz
 
22:10:37 **** Incremental Build of configuration Debug for project RCC ****
make all 
Building file: ../src/RCC_program.c
Invoking: Cross ARM GNU C Compiler
arm-none-eabi-gcc -mcpu=cortex-m3 -mthumb -Og -fmessage-length=0 -fsigned-char -ffunction-sections -fdata-sections -ffreestanding -fno-move-loop-invariants -Wall -Wextra  -g3 -DDEBUG -DUSE_FULL_ASSERT -DTRACE -DOS_USE_TRACE_SEMIHOSTING_DEBUG -DSTM32F10X_MD -DUSE_STDPERIPH_DRIVER -DHSE_VALUE=8000000 -I"../include" -I"../system/include" -I"../system/include/cmsis" -I"../system/include/stm32f1-stdperiph" -std=gnu11 -MMD -MP -MF"src/RCC_program.d" -MT"src/RCC_program.o" -c -o "src/RCC_program.o" "../src/RCC_program.c"
../src/RCC_program.c:6:10: fatal error: LIB/STD_TYPES.h: No such file or directory
 #include <LIB/STD_TYPES.h>
          ^~~~~~~~~~~~~~~~~
compilation terminated.
make: *** [src/subdir.mk:26: src/RCC_program.o] Error 1
22:10:38 **** Incremental Build of configuration Debug for project system ****
make all 
Invoking: Cross ARM GNU Print Size
arm-none-eabi-size --format=berkeley "system.elf"
   text	   data	    bss	    dec	    hex	filename
   7147	    160	    416	   7723	   1e2b	system.elf
Finished building: system.siz
 
22:10:40 **** Incremental Build of configuration Debug for project RCC ****
make all 
Building file: ../src/RCC_program.c
Invoking: Cross ARM GNU C Compiler
arm-none-eabi-gcc -mcpu=cortex-m3 -mthumb -Og -fmessage-length=0 -fsigned-char -ffunction-sections -fdata-sections -ffreestanding -fno-move-loop-invariants -Wall -Wextra  -g3 -DDEBUG -DUSE_FULL_ASSERT -DTRACE -DOS_USE_TRACE_SEMIHOSTING_DEBUG -DSTM32F10X_MD -DUSE_STDPERIPH_DRIVER -DHSE_VALUE=8000000 -I"../include" -I"../system/include" -I"../system/include/cmsis" -I"../system/include/stm32f1-stdperiph" -std=gnu11 -MMD -MP -MF"src/RCC_program.d" -MT"src/RCC_program.o" -c -o "src/RCC_program.o" "../src/RCC_program.c"
../src/RCC_program.c: In function 'RCC_voidEnableClock':
../src/RCC_program.c:48:6: error: expected '(' before 'Copy_u8PerId'
   if Copy_u8PerId <= 31)
      ^~~~~~~~~~~~
../src/RCC_program.c:48:6: warning: statement with no effect [-Wunused-value]
../src/RCC_program.c:48:3: warning: this 'if' clause does not guard... [-Wmisleading-indentation]
   if Copy_u8PerId <= 31)
   ^~
../src/RCC_program.c:48:24: note: ...this statement, but the latter is misleadingly indented as if it were guarded by the 'if'
   if Copy_u8PerId <= 31)
                        ^
../src/RCC_program.c:48:24: error: expected statement before ')' token
../src/RCC_program.c:52:19: warning: implicit declaration of function 'SET_BIR'; did you mean 'SET_BIT'? [-Wimplicit-function-declaration]
    case RCC_AHB : SET_BIR(RCC_AHBENR  ,Copy_u8PerId)  break;
                   ^~~~~~~
                   SET_BIT
../src/RCC_program.c:52:55: error: expected ';' before 'break'
    case RCC_AHB : SET_BIR(RCC_AHBENR  ,Copy_u8PerId)  break;
                                                       ^~~~~
../src/RCC_program.c:53:55: error: expected ';' before 'break'
    case RCC_APB1: SET_BIR(RCC_APB1ENR ,Copy_u8PerId)  break;
                                                       ^~~~~
../src/RCC_program.c:54:55: error: expected ';' before 'break'
    case RCC_APB2: SET_BIR(RCC_APB2ENR ,Copy_u8PerId)  break;
                                                       ^~~~~
../src/RCC_program.c:60:3: error: 'else' without a previous 'if'
   else
   ^~~~
../src/RCC_program.c: In function 'RCC_voidDisableClock':
../src/RCC_program.c:70:6: error: expected '(' before 'Copy_u8PerId'
   if Copy_u8PerId <= 31)
      ^~~~~~~~~~~~
../src/RCC_program.c:70:6: warning: statement with no effect [-Wunused-value]
../src/RCC_program.c:70:3: warning: this 'if' clause does not guard... [-Wmisleading-indentation]
   if Copy_u8PerId <= 31)
   ^~
../src/RCC_program.c:70:24: note: ...this statement, but the latter is misleadingly indented as if it were guarded by the 'if'
   if Copy_u8PerId <= 31)
                        ^
../src/RCC_program.c:70:24: error: expected statement before ')' token
../src/RCC_program.c:74:19: warning: implicit declaration of function 'CLR_BIR'; did you mean 'CLR_BIT'? [-Wimplicit-function-declaration]
    case RCC_AHB : CLR_BIR(RCC_AHBENR  ,Copy_u8PerId)  break;
                   ^~~~~~~
                   CLR_BIT
../src/RCC_program.c:74:55: error: expected ';' before 'break'
    case RCC_AHB : CLR_BIR(RCC_AHBENR  ,Copy_u8PerId)  break;
                                                       ^~~~~
../src/RCC_program.c:75:55: error: expected ';' before 'break'
    case RCC_APB1: CLR_BIR(RCC_APB1ENR ,Copy_u8PerId)  break;
                                                       ^~~~~
../src/RCC_program.c:76:55: error: expected ';' before 'break'
    case RCC_APB2: CLR_BIR(RCC_APB2ENR ,Copy_u8PerId)  break;
                                                       ^~~~~
../src/RCC_program.c:82:3: error: 'else' without a previous 'if'
   else
   ^~~~
../src/RCC_program.c: In function 'RCC_voidEnableClock':
../src/RCC_program.c:52:19: warning: this statement may fall through [-Wimplicit-fallthrough=]
    case RCC_AHB : SET_BIR(RCC_AHBENR  ,Copy_u8PerId)  break;
                   ^~~~~~~~~~~~~~~~~~~~~~~~~~~~~~~~~~
../src/RCC_program.c:53:4: note: here
    case RCC_APB1: SET_BIR(RCC_APB1ENR ,Copy_u8PerId)  break;
    ^~~~
../src/RCC_program.c:53:19: warning: this statement may fall through [-Wimplicit-fallthrough=]
    case RCC_APB1: SET_BIR(RCC_APB1ENR ,Copy_u8PerId)  break;
                   ^~~~~~~~~~~~~~~~~~~~~~~~~~~~~~~~~~
../src/RCC_program.c:54:4: note: here
    case RCC_APB2: SET_BIR(RCC_APB2ENR ,Copy_u8PerId)  break;
    ^~~~
../src/RCC_program.c: In function 'RCC_voidDisableClock':
../src/RCC_program.c:74:19: warning: this statement may fall through [-Wimplicit-fallthrough=]
    case RCC_AHB : CLR_BIR(RCC_AHBENR  ,Copy_u8PerId)  break;
                   ^~~~~~~~~~~~~~~~~~~~~~~~~~~~~~~~~~
../src/RCC_program.c:75:4: note: here
    case RCC_APB1: CLR_BIR(RCC_APB1ENR ,Copy_u8PerId)  break;
    ^~~~
../src/RCC_program.c:75:19: warning: this statement may fall through [-Wimplicit-fallthrough=]
    case RCC_APB1: CLR_BIR(RCC_APB1ENR ,Copy_u8PerId)  break;
                   ^~~~~~~~~~~~~~~~~~~~~~~~~~~~~~~~~~
../src/RCC_program.c:76:4: note: here
    case RCC_APB2: CLR_BIR(RCC_APB2ENR ,Copy_u8PerId)  break;
    ^~~~
make: *** [src/subdir.mk:26: src/RCC_program.o] Error 1
22:10:40 **** Incremental Build of configuration Debug for project system ****
make all 
Invoking: Cross ARM GNU Print Size
arm-none-eabi-size --format=berkeley "system.elf"
   text	   data	    bss	    dec	    hex	filename
   7147	    160	    416	   7723	   1e2b	system.elf
Finished building: system.siz
 
22:12:00 **** Incremental Build of configuration Debug for project RCC ****
make all 
Building file: ../src/RCC_program.c
Invoking: Cross ARM GNU C Compiler
arm-none-eabi-gcc -mcpu=cortex-m3 -mthumb -Og -fmessage-length=0 -fsigned-char -ffunction-sections -fdata-sections -ffreestanding -fno-move-loop-invariants -Wall -Wextra  -g3 -DDEBUG -DUSE_FULL_ASSERT -DTRACE -DOS_USE_TRACE_SEMIHOSTING_DEBUG -DSTM32F10X_MD -DUSE_STDPERIPH_DRIVER -DHSE_VALUE=8000000 -I"../include" -I"../system/include" -I"../system/include/cmsis" -I"../system/include/stm32f1-stdperiph" -std=gnu11 -MMD -MP -MF"src/RCC_program.d" -MT"src/RCC_program.o" -c -o "src/RCC_program.o" "../src/RCC_program.c"
../src/RCC_program.c: In function 'RCC_voidEnableClock':
../src/RCC_program.c:52:19: warning: implicit declaration of function 'SET_BIR'; did you mean 'SET_BIT'? [-Wimplicit-function-declaration]
    case RCC_AHB : SET_BIR(RCC_AHBENR  ,Copy_u8PerId);
                   ^~~~~~~
                   SET_BIT
../src/RCC_program.c: In function 'RCC_voidDisableClock':
../src/RCC_program.c:74:6: error: expected '(' before 'Copy_u8PerId'
   if Copy_u8PerId <= 31)
      ^~~~~~~~~~~~
../src/RCC_program.c:74:6: warning: statement with no effect [-Wunused-value]
../src/RCC_program.c:74:3: warning: this 'if' clause does not guard... [-Wmisleading-indentation]
   if Copy_u8PerId <= 31)
   ^~
../src/RCC_program.c:74:24: note: ...this statement, but the latter is misleadingly indented as if it were guarded by the 'if'
   if Copy_u8PerId <= 31)
                        ^
../src/RCC_program.c:74:24: error: expected statement before ')' token
../src/RCC_program.c:78:19: warning: implicit declaration of function 'CLR_BIR'; did you mean 'CLR_BIT'? [-Wimplicit-function-declaration]
    case RCC_AHB : CLR_BIR(RCC_AHBENR  ,Copy_u8PerId)  break;
                   ^~~~~~~
                   CLR_BIT
../src/RCC_program.c:78:55: error: expected ';' before 'break'
    case RCC_AHB : CLR_BIR(RCC_AHBENR  ,Copy_u8PerId)  break;
                                                       ^~~~~
../src/RCC_program.c:79:55: error: expected ';' before 'break'
    case RCC_APB1: CLR_BIR(RCC_APB1ENR ,Copy_u8PerId)  break;
                                                       ^~~~~
../src/RCC_program.c:80:55: error: expected ';' before 'break'
    case RCC_APB2: CLR_BIR(RCC_APB2ENR ,Copy_u8PerId)  break;
                                                       ^~~~~
../src/RCC_program.c:86:3: error: 'else' without a previous 'if'
   else
   ^~~~
../src/RCC_program.c:78:19: warning: this statement may fall through [-Wimplicit-fallthrough=]
    case RCC_AHB : CLR_BIR(RCC_AHBENR  ,Copy_u8PerId)  break;
                   ^~~~~~~~~~~~~~~~~~~~~~~~~~~~~~~~~~
../src/RCC_program.c:79:4: note: here
    case RCC_APB1: CLR_BIR(RCC_APB1ENR ,Copy_u8PerId)  break;
    ^~~~
../src/RCC_program.c:79:19: warning: this statement may fall through [-Wimplicit-fallthrough=]
    case RCC_APB1: CLR_BIR(RCC_APB1ENR ,Copy_u8PerId)  break;
                   ^~~~~~~~~~~~~~~~~~~~~~~~~~~~~~~~~~
../src/RCC_program.c:80:4: note: here
    case RCC_APB2: CLR_BIR(RCC_APB2ENR ,Copy_u8PerId)  break;
    ^~~~
make: *** [src/subdir.mk:26: src/RCC_program.o] Error 1
22:12:01 **** Incremental Build of configuration Debug for project system ****
make all 
Invoking: Cross ARM GNU Print Size
arm-none-eabi-size --format=berkeley "system.elf"
   text	   data	    bss	    dec	    hex	filename
   7147	    160	    416	   7723	   1e2b	system.elf
Finished building: system.siz
 
22:12:43 **** Incremental Build of configuration Debug for project RCC ****
make all 
Building file: ../src/RCC_program.c
Invoking: Cross ARM GNU C Compiler
arm-none-eabi-gcc -mcpu=cortex-m3 -mthumb -Og -fmessage-length=0 -fsigned-char -ffunction-sections -fdata-sections -ffreestanding -fno-move-loop-invariants -Wall -Wextra  -g3 -DDEBUG -DUSE_FULL_ASSERT -DTRACE -DOS_USE_TRACE_SEMIHOSTING_DEBUG -DSTM32F10X_MD -DUSE_STDPERIPH_DRIVER -DHSE_VALUE=8000000 -I"../include" -I"../system/include" -I"../system/include/cmsis" -I"../system/include/stm32f1-stdperiph" -std=gnu11 -MMD -MP -MF"src/RCC_program.d" -MT"src/RCC_program.o" -c -o "src/RCC_program.o" "../src/RCC_program.c"
../src/RCC_program.c: In function 'RCC_voidEnableClock':
../src/RCC_program.c:52:19: warning: implicit declaration of function 'SET_BIR'; did you mean 'SET_BIT'? [-Wimplicit-function-declaration]
    case RCC_AHB : SET_BIR(RCC_AHBENR  ,Copy_u8PerId);
                   ^~~~~~~
                   SET_BIT
../src/RCC_program.c: In function 'RCC_voidDisableClock':
../src/RCC_program.c:74:6: error: expected '(' before 'Copy_u8PerId'
   if Copy_u8PerId <= 31)
      ^~~~~~~~~~~~
../src/RCC_program.c:74:6: warning: statement with no effect [-Wunused-value]
../src/RCC_program.c:74:3: warning: this 'if' clause does not guard... [-Wmisleading-indentation]
   if Copy_u8PerId <= 31)
   ^~
../src/RCC_program.c:74:24: note: ...this statement, but the latter is misleadingly indented as if it were guarded by the 'if'
   if Copy_u8PerId <= 31)
                        ^
../src/RCC_program.c:74:24: error: expected statement before ')' token
../src/RCC_program.c:78:19: warning: implicit declaration of function 'CLR_BIR'; did you mean 'CLR_BIT'? [-Wimplicit-function-declaration]
    case RCC_AHB : CLR_BIR(RCC_AHBENR  ,Copy_u8PerId) ;
                   ^~~~~~~
                   CLR_BIT
../src/RCC_program.c:90:3: error: 'else' without a previous 'if'
   else
   ^~~~
make: *** [src/subdir.mk:26: src/RCC_program.o] Error 1
22:12:44 **** Incremental Build of configuration Debug for project system ****
make all 
Invoking: Cross ARM GNU Print Size
arm-none-eabi-size --format=berkeley "system.elf"
   text	   data	    bss	    dec	    hex	filename
   7147	    160	    416	   7723	   1e2b	system.elf
Finished building: system.siz
 
22:12:54 **** Incremental Build of configuration Debug for project RCC ****
make all 
Building file: ../src/RCC_program.c
Invoking: Cross ARM GNU C Compiler
arm-none-eabi-gcc -mcpu=cortex-m3 -mthumb -Og -fmessage-length=0 -fsigned-char -ffunction-sections -fdata-sections -ffreestanding -fno-move-loop-invariants -Wall -Wextra  -g3 -DDEBUG -DUSE_FULL_ASSERT -DTRACE -DOS_USE_TRACE_SEMIHOSTING_DEBUG -DSTM32F10X_MD -DUSE_STDPERIPH_DRIVER -DHSE_VALUE=8000000 -I"../include" -I"../system/include" -I"../system/include/cmsis" -I"../system/include/stm32f1-stdperiph" -std=gnu11 -MMD -MP -MF"src/RCC_program.d" -MT"src/RCC_program.o" -c -o "src/RCC_program.o" "../src/RCC_program.c"
../src/RCC_program.c: In function 'RCC_voidEnableClock':
../src/RCC_program.c:52:19: warning: implicit declaration of function 'SET_BIR'; did you mean 'SET_BIT'? [-Wimplicit-function-declaration]
    case RCC_AHB : SET_BIR(RCC_AHBENR  ,Copy_u8PerId);
                   ^~~~~~~
                   SET_BIT
../src/RCC_program.c: In function 'RCC_voidDisableClock':
../src/RCC_program.c:78:19: warning: implicit declaration of function 'CLR_BIR'; did you mean 'CLR_BIT'? [-Wimplicit-function-declaration]
    case RCC_AHB : CLR_BIR(RCC_AHBENR  ,Copy_u8PerId) ;
                   ^~~~~~~
                   CLR_BIT
Finished building: ../src/RCC_program.c
 
Building target: RCC.elf
Invoking: Cross ARM GNU C++ Linker
arm-none-eabi-g++ -mcpu=cortex-m3 -mthumb -Og -fmessage-length=0 -fsigned-char -ffunction-sections -fdata-sections -ffreestanding -fno-move-loop-invariants -Wall -Wextra  -g3 -T mem.ld -T libs.ld -T sections.ld -nostartfiles -Xlinker --gc-sections -L"../ldscripts" -Wl,-Map,"RCC.map" --specs=nano.specs -o "RCC.elf"  ./system/src/stm32f1-stdperiph/misc.o ./system/src/stm32f1-stdperiph/stm32f10x_gpio.o ./system/src/stm32f1-stdperiph/stm32f10x_rcc.o  ./system/src/newlib/_cxx.o ./system/src/newlib/_exit.o ./system/src/newlib/_sbrk.o ./system/src/newlib/_startup.o ./system/src/newlib/_syscalls.o ./system/src/newlib/assert.o  ./system/src/diag/Trace.o ./system/src/diag/trace_impl.o  ./system/src/cortexm/_initialize_hardware.o ./system/src/cortexm/_reset_hardware.o ./system/src/cortexm/exception_handlers.o  ./system/src/cmsis/system_stm32f10x.o ./system/src/cmsis/vectors_stm32f10x.o  ./src/RCC_program.o ./src/_write.o ./src/main.o   
Finished building target: RCC.elf
 
Invoking: Cross ARM GNU Create Flash Image
arm-none-eabi-objcopy -O ihex "RCC.elf"  "RCC.hex"
Finished building: RCC.hex
 
Invoking: Cross ARM GNU Print Size
arm-none-eabi-size --format=berkeley "RCC.elf"
   text	   data	    bss	    dec	    hex	filename
   4355	    176	    412	   4943	   134f	RCC.elf
Finished building: RCC.siz
 
22:12:56 **** Incremental Build of configuration Debug for project system ****
make all 
Invoking: Cross ARM GNU Print Size
arm-none-eabi-size --format=berkeley "system.elf"
   text	   data	    bss	    dec	    hex	filename
   7147	    160	    416	   7723	   1e2b	system.elf
Finished building: system.siz
 
22:13:06 **** Incremental Build of configuration Debug for project RCC ****
make all 
Invoking: Cross ARM GNU Print Size
arm-none-eabi-size --format=berkeley "RCC.elf"
   text	   data	    bss	    dec	    hex	filename
   4355	    176	    412	   4943	   134f	RCC.elf
Finished building: RCC.siz
 
22:13:06 **** Incremental Build of configuration Debug for project system ****
make all 
Invoking: Cross ARM GNU Print Size
arm-none-eabi-size --format=berkeley "system.elf"
   text	   data	    bss	    dec	    hex	filename
   7147	    160	    416	   7723	   1e2b	system.elf
Finished building: system.siz
 
